2026-01-12T17:40:32.812Z [INFO]: # Build environment configured with Standard build compute type: 8GiB Memory, 4vCPUs, 128GB Disk Space
2026-01-12T17:40:33.266Z [INFO]: # Cloning repository: git@github.com:iriley-mirabel/command-library.git
2026-01-12T17:40:33.890Z [INFO]: 
2026-01-12T17:40:33.891Z [INFO]: Cloning into 'command-library'...
2026-01-12T17:40:33.891Z [INFO]: # Switching to commit: 5d6f4b00d01d38cb91d309578027f91ef40bcfe0
2026-01-12T17:40:33.907Z [INFO]: Note: switching to '5d6f4b00d01d38cb91d309578027f91ef40bcfe0'.
                                 You are in 'detached HEAD' state. You can look around, make experimental
                                 changes and commit them, and you can discard any commits you make in this
                                 state without impacting any branches by switching back to a branch.
                                 If you want to create a new branch to retain commits you create, you may
                                 do so (now or later) by using -c with the switch command. Example:
                                 git switch -c <new-branch-name>
                                 Or undo this operation with:
                                 git switch -
                                 Turn off this advice by setting config variable advice.detachedHead to false
                                 HEAD is now at 5d6f4b0 Auto-deploy: 2026-01-12 12:40:00
2026-01-12T17:40:33.922Z [INFO]: Successfully cleaned up Git credentials
2026-01-12T17:40:33.922Z [INFO]: # Checking for Git submodules at: /codebuild/output/src561170773/src/command-library/.gitmodules
2026-01-12T17:40:33.929Z [INFO]: # Retrieving environment cache...
2026-01-12T17:40:33.979Z [WARNING]: ! Unable to write cache: {"code":"ERR_BAD_REQUEST","message":"Request failed with status code 404"})}
2026-01-12T17:40:33.979Z [INFO]: ---- Setting Up SSM Secrets ----
2026-01-12T17:40:33.979Z [INFO]: SSM params {"Path":"/amplify/d217xqm8x4qhsb/main/","WithDecryption":true}
2026-01-12T17:40:34.029Z [WARNING]: !Failed to set up process.env.secrets
2026-01-12T17:40:34.958Z [INFO]: # No package override configuration found.
2026-01-12T17:40:34.962Z [INFO]: # Retrieving cache...
2026-01-12T17:40:35.015Z [INFO]: # Retrieved cache
2026-01-12T17:40:40.623Z [INFO]: ## Starting Backend Build
                                 ## Checking for associated backend environment...
                                 ## No backend environment association found, continuing...
                                 ## Completed Backend Build
2026-01-12T17:40:40.638Z [INFO]: ## Starting Frontend Build
                                 # Starting phase: preBuild
                                 # Executing command: echo "Current directory"
                                 Current directory
                                 # Executing command: pwd
                                 /codebuild/output/src561170773/src/command-library
                                 # Executing command: echo "Directory contents"
                                 Directory contents
                                 # Executing command: ls -la
                                 total 184
                                 drwxr-xr-x 8 amplify amplify  4096 Jan 12 17:40 .
                                 drwxr-xr-x 3 amplify amplify    47 Jan 12 17:40 ..
                                 drwxr-xr-x 3 amplify amplify    42 Jan 12 17:40 .cursor
                                 drwxr-xr-x 7 amplify amplify   147 Jan 12 17:40 .git
                                 drwxr-xr-x 3 amplify amplify    23 Jan 12 17:40 .github
                                 -rw-r--r-- 1 amplify amplify   429 Jan 12 17:40 .gitignore
                                 -rw-r--r-- 1 amplify amplify  5510 Jan 12 17:40 AMPLIFY_DEPLOY.md
                                 -rw-r--r-- 1 amplify amplify  3384 Jan 12 17:40 AMPLIFY_SETUP.md
                                 -rw-r--r-- 1 amplify amplify  5009 Jan 12 17:40 COMMAND_MANAGEMENT.md
                                 -rw-r--r-- 1 amplify amplify  6796 Jan 12 17:40 CONTRIBUTING.md
                                 -rw-r--r-- 1 amplify amplify  4503 Jan 12 17:40 GITHUB_AUTH_SETUP.md
                                 -rw-r--r-- 1 amplify amplify  5652 Jan 12 17:40 GITIGNORE_STRATEGY.md
                                 -rw-r--r-- 1 amplify amplify  6116 Jan 12 17:40 INSTALLATION.md
                                 -rw-r--r-- 1 amplify amplify  5163 Jan 12 17:40 PROJECT_COMPLETE.md
                                 -rw-r--r-- 1 amplify amplify  2193 Jan 12 17:40 QUICK_START.md
                                 -rw-r--r-- 1 amplify amplify  7303 Jan 12 17:40 README.md
                                 -rw-r--r-- 1 amplify amplify  4248 Jan 12 17:40 SETUP_SCRIPT_BEHAVIOR.md
                                 -rw-r--r-- 1 amplify amplify  4122 Jan 12 17:40 SETUP_SUMMARY.md
                                 -rw-r--r-- 1 amplify amplify  3242 Jan 12 17:40 WEB_PORTAL.md
                                 -rw-r--r-- 1 amplify amplify  5542 Jan 12 17:40 WINDOWS_SETUP.md
                                 -rw-r--r-- 1 amplify amplify     0 Jan 12 17:40 __cache.tar
                                 -rw-r--r-- 1 amplify amplify  2054 Jan 12 17:40 amplify-build-log-5.txt
                                 -rwxrwxrwx 1 amplify amplify  3899 Jan 12 17:40 amplify.sh
                                 -rw-r--r-- 1 amplify amplify  1118 Jan 12 17:40 amplify.yml
                                 drwxr-xr-x 7 amplify amplify   253 Jan 12 17:40 app
                                 -rw-r--r-- 1 amplify amplify  3463 Jan 12 17:40 commands-01.txt
                                 -rw-r--r-- 1 amplify amplify  3649 Jan 12 17:40 commands-02.txt
                                 -rw-r--r-- 1 amplify amplify  3759 Jan 12 17:40 commands-03.txt
                                 -rw-r--r-- 1 amplify amplify 11387 Jan 12 17:40 deploy-and-fix.ps1
                                 drwxr-xr-x 2 amplify amplify    33 Jan 12 17:40 library
                                 -rw-r--r-- 1 amplify amplify 23049 Jan 12 17:40 masterlistreference.txt
                                 -rw-r--r-- 1 amplify amplify  2381 Jan 12 17:40 masterrules.txt
                                 -rw-r--r-- 1 amplify amplify   607 Jan 12 17:40 package.json
                                 -rw-r--r-- 1 amplify amplify  5778 Jan 12 17:40 prd.txt
                                 drwxr-xr-x 2 amplify amplify   110 Jan 12 17:40 scripts
                                 # Executing command: echo "Copying command files to web portal"
                                 Copying command files to web portal
                                 # Executing command: mkdir -p app/web-portal/public/commands
                                 # Executing command: find .cursor/commands -maxdepth 1 -name "*.md" -not -name "README.md" -exec cp {} app/web-portal/public/commands/ \; || true
2026-01-12T17:40:40.696Z [INFO]: # Executing command: cp library/commands-index.json app/web-portal/public/commands/index.json || true
2026-01-12T17:40:40.698Z [INFO]: # Executing command: echo "Verifying app/web-portal exists"
                                 Verifying app/web-portal exists
2026-01-12T17:40:40.699Z [INFO]: # Executing command: ls -la app/web-portal/ || echo "ERROR app/web-portal not found"
2026-01-12T17:40:40.700Z [INFO]: total 120
                                 drwxr-xr-x 4 amplify amplify   221 Jan 12 17:40 .
                                 drwxr-xr-x 7 amplify amplify   253 Jan 12 17:40 ..
                                 -rw-r--r-- 1 amplify amplify   528 Jan 12 17:40 .amplify.yml
                                 -rw-r--r-- 1 amplify amplify   253 Jan 12 17:40 .gitignore
                                 -rw-r--r-- 1 amplify amplify  1304 Jan 12 17:40 README.md
                                 -rw-r--r-- 1 amplify amplify   371 Jan 12 17:40 index.html
                                 -rw-r--r-- 1 amplify amplify 88035 Jan 12 17:40 package-lock.json
                                 -rw-r--r-- 1 amplify amplify   467 Jan 12 17:40 package.json
                                 -rw-r--r-- 1 amplify amplify    81 Jan 12 17:40 postcss.config.js
                                 drwxr-xr-x 3 amplify amplify    38 Jan 12 17:40 public
                                 drwxr-xr-x 5 amplify amplify    98 Jan 12 17:40 src
                                 -rw-r--r-- 1 amplify amplify   183 Jan 12 17:40 tailwind.config.js
                                 -rw-r--r-- 1 amplify amplify   662 Jan 12 17:40 tsconfig.json
2026-01-12T17:40:40.700Z [INFO]: # Executing command: echo "Installing dependencies"
                                 Installing dependencies
2026-01-12T17:40:40.700Z [INFO]: # Executing command: cd app/web-portal && npm ci
2026-01-12T17:41:02.955Z [INFO]: added 104 packages, and audited 105 packages in 16s
2026-01-12T17:41:02.964Z [INFO]: 28 packages are looking for funding
                                 run `npm fund` for details
                                 found 0 vulnerabilities
2026-01-12T17:41:02.972Z [INFO]: # Completed phase: preBuild
                                 # Starting phase: build
                                 # Executing command: echo "Build phase - Current directory"
                                 Build phase - Current directory
                                 # Executing command: pwd
                                 /codebuild/output/src561170773/src/command-library/app/web-portal
                                 # Executing command: echo "Checking for app/web-portal"
                                 Checking for app/web-portal
                                 # Executing command: ls -la app/web-portal/ || echo "Directory listing failed"
2026-01-12T17:41:02.973Z [WARNING]: ls: cannot access 'app/web-portal/': No such file or directory
                                    /root/.rvm/scripts/extras/bash_zsh_support/chpwd/function.sh: line 5: cd: app/web-portal: No such file or directory
2026-01-12T17:41:02.973Z [INFO]: Directory listing failed
                                 # Executing command: echo "Building web portal"
                                 Building web portal
                                 # Executing command: cd app/web-portal && npm run build
2026-01-12T17:41:03.056Z [ERROR]: !!! Build failed
2026-01-12T17:41:03.056Z [ERROR]: !!! Error: Command failed with exit code 1
2026-01-12T17:41:03.056Z [INFO]: # Starting environment caching...
2026-01-12T17:41:03.057Z [INFO]: # Environment caching completed

